Watching for file changes with StatReloader
Not Found: /
"GET / HTTP/1.1" 404 4385
Not Found: /favicon.ico
"GET /favicon.ico HTTP/1.1" 404 4436
Not Found: /pages/
"GET /pages/ HTTP/1.1" 404 4532
"GET /news/ HTTP/1.1" 200 6609
"GET /static/css/styles.css HTTP/1.1" 304 0
"GET /static/js/scripts.js HTTP/1.1" 200 303
E:\SkillFactory\D_Project_NewsPortal\NewsPortal\news\views.py changed, reloading.
Watching for file changes with StatReloader
"GET /admin HTTP/1.1" 301 0
"GET /admin/ HTTP/1.1" 302 0
"GET /admin/login/?next=/admin/ HTTP/1.1" 200 4185
"GET /static/admin/css/base.css HTTP/1.1" 304 0
"GET /static/admin/css/dark_mode.css HTTP/1.1" 304 0
"GET /static/admin/js/theme.js HTTP/1.1" 304 0
"GET /static/admin/css/nav_sidebar.css HTTP/1.1" 304 0
"GET /static/admin/js/nav_sidebar.js HTTP/1.1" 304 0
"GET /static/admin/css/responsive.css HTTP/1.1" 304 0
"GET /static/admin/css/login.css HTTP/1.1" 200 958
"GET /admin/ HTTP/1.1" 302 0
"GET /admin/login/?next=/admin/ HTTP/1.1" 200 4185
"POST /admin/login/?next=/admin/ HTTP/1.1" 302 0
"GET /admin/ HTTP/1.1" 200 13872
"GET /static/admin/css/dashboard.css HTTP/1.1" 304 0
"GET /static/admin/img/icon-addlink.svg HTTP/1.1" 200 331
"GET /static/admin/img/icon-deletelink.svg HTTP/1.1" 200 392
"GET /static/admin/img/icon-changelink.svg HTTP/1.1" 200 380
Not Found: /favicon.ico
"GET /favicon.ico HTTP/1.1" 404 4436
E:\SkillFactory\D_Project_NewsPortal\NewsPortal\NewsPortal\settings.py changed, reloading.
Watching for file changes with StatReloader
E:\SkillFactory\D_Project_NewsPortal\NewsPortal\NewsPortal\settings.py changed, reloading.
Watching for file changes with StatReloader
Watching for file changes with StatReloader
"GET /admin/ HTTP/1.1" 200 13872
"GET /static/admin/img/icon-deletelink.svg HTTP/1.1" 200 392
"GET /static/admin/img/icon-addlink.svg HTTP/1.1" 200 331
"GET /static/admin/img/icon-changelink.svg HTTP/1.1" 200 380
E:\SkillFactory\D_Project_NewsPortal\NewsPortal\NewsPortal\settings.py changed, reloading.
2023-07-21 18:54:59,390 INFO autoreload Watching for file changes with StatReloader
2023-07-21 18:55:22,005 INFO basehttp "GET /admin/ HTTP/1.1" 200 13872
2023-07-21 20:17:01,407 INFO autoreload E:\SkillFactory\D_Project_NewsPortal\NewsPortal\NewsPortal\settings.py changed, reloading.
2023-07-21 22:28:48,747 INFO autoreload Watching for file changes with StatReloader
2023-07-21 22:29:22,826 WARNING log Not Found: /pages/
2023-07-21 22:34:17,932 INFO autoreload E:\SkillFactory\D_Project_NewsPortal\NewsPortal\NewsPortal\settings.py changed, reloading.
2023-07-21 22:34:18,920 INFO autoreload Watching for file changes with StatReloader
2023-07-21 22:39:09,985 INFO autoreload E:\SkillFactory\D_Project_NewsPortal\NewsPortal\NewsPortal\settings.py changed, reloading.
2023-07-21 22:39:10,975 INFO autoreload Watching for file changes with StatReloader
2023-07-21 22:43:34,892 INFO autoreload E:\SkillFactory\D_Project_NewsPortal\NewsPortal\NewsPortal\settings.py changed, reloading.
